Performing C++ SOURCE FILE Test CMAKE_HAVE_LIBC_PTHREAD failed with the following output:
Change Dir: /home/zec022@AD.UCSD.EDU/placement/build/CMakeFiles/CMakeTmp

Run Build Command(s):/usr/bin/make cmTC_70575/fast && /usr/bin/make -f CMakeFiles/cmTC_70575.dir/build.make CMakeFiles/cmTC_70575.dir/build
make[1]: Entering directory '/home/zec022@AD.UCSD.EDU/placement/build/CMakeFiles/CMakeTmp'
Building CXX object CMakeFiles/cmTC_70575.dir/src.cxx.o
/usr/bin/c++    -DCMAKE_HAVE_LIBC_PTHREAD   -o CMakeFiles/cmTC_70575.dir/src.cxx.o -c /home/zec022@AD.UCSD.EDU/placement/build/CMakeFiles/CMakeTmp/src.cxx
Linking CXX executable cmTC_70575
/usr/bin/cmake -E cmake_link_script CMakeFiles/cmTC_70575.dir/link.txt --verbose=1
/usr/bin/c++   -DCMAKE_HAVE_LIBC_PTHREAD    CMakeFiles/cmTC_70575.dir/src.cxx.o  -o cmTC_70575 
/usr/bin/ld: CMakeFiles/cmTC_70575.dir/src.cxx.o: in function `main':
src.cxx:(.text+0x46): undefined reference to `pthread_create'
/usr/bin/ld: src.cxx:(.text+0x52): undefined reference to `pthread_detach'
/usr/bin/ld: src.cxx:(.text+0x63): undefined reference to `pthread_join'
collect2: error: ld returned 1 exit status
make[1]: *** [CMakeFiles/cmTC_70575.dir/build.make:87: cmTC_70575] Error 1
make[1]: Leaving directory '/home/zec022@AD.UCSD.EDU/placement/build/CMakeFiles/CMakeTmp'
make: *** [Makefile:121: cmTC_70575/fast] Error 2


Source file was:
#include <pthread.h>

void* test_func(void* data)
{
  return data;
}

int main(void)
{
  pthread_t thread;
  pthread_create(&thread, NULL, test_func, NULL);
  pthread_detach(thread);
  pthread_join(thread, NULL);
  pthread_atfork(NULL, NULL, NULL);
  pthread_exit(NULL);

  return 0;
}

Determining if the function pthread_create exists in the pthreads failed with the following output:
Change Dir: /home/zec022@AD.UCSD.EDU/placement/build/CMakeFiles/CMakeTmp

Run Build Command(s):/usr/bin/make cmTC_72b0b/fast && /usr/bin/make -f CMakeFiles/cmTC_72b0b.dir/build.make CMakeFiles/cmTC_72b0b.dir/build
make[1]: Entering directory '/home/zec022@AD.UCSD.EDU/placement/build/CMakeFiles/CMakeTmp'
Building CXX object CMakeFiles/cmTC_72b0b.dir/CheckFunctionExists.cxx.o
/usr/bin/c++    -DCHECK_FUNCTION_EXISTS=pthread_create   -o CMakeFiles/cmTC_72b0b.dir/CheckFunctionExists.cxx.o -c /home/zec022@AD.UCSD.EDU/placement/build/CMakeFiles/CheckLibraryExists/CheckFunctionExists.cxx
Linking CXX executable cmTC_72b0b
/usr/bin/cmake -E cmake_link_script CMakeFiles/cmTC_72b0b.dir/link.txt --verbose=1
/usr/bin/c++   -DCHECK_FUNCTION_EXISTS=pthread_create    CMakeFiles/cmTC_72b0b.dir/CheckFunctionExists.cxx.o  -o cmTC_72b0b  -lpthreads 
/usr/bin/ld: cannot find -lpthreads
collect2: error: ld returned 1 exit status
make[1]: *** [CMakeFiles/cmTC_72b0b.dir/build.make:87: cmTC_72b0b] Error 1
make[1]: Leaving directory '/home/zec022@AD.UCSD.EDU/placement/build/CMakeFiles/CMakeTmp'
make: *** [Makefile:121: cmTC_72b0b/fast] Error 2



